  controls.cpp
D:\Programmering\C++\Old\WOOD\WOOD\controls.h(3,10): fatal error C1083: Cannot open include file: 'SDL.h': No such file or directory
  enemy.cpp
D:\Programmering\C++\Old\WOOD\WOOD\enemy.h(3,10): fatal error C1083: Cannot open include file: 'SDL_image.h': No such file or directory
  game.cpp
D:\Programmering\C++\Old\WOOD\WOOD\game.h(6,10): fatal error C1083: Cannot open include file: 'SDL.h': No such file or directory
  map.cpp
D:\Programmering\C++\Old\WOOD\WOOD\game.h(6,10): fatal error C1083: Cannot open include file: 'SDL.h': No such file or directory
  renderer.cpp
D:\Programmering\C++\Old\WOOD\WOOD\renderer.h(6,10): fatal error C1083: Cannot open include file: 'SDL.h': No such file or directory
  sdl_event_handler.cpp
D:\Programmering\C++\Old\WOOD\WOOD\sdl_event_handler.h(3,10): fatal error C1083: Cannot open include file: 'SDL.h': No such file or directory
  main.cpp
D:\Programmering\C++\Old\WOOD\WOOD\main.cpp(4,10): fatal error C1083: Cannot open include file: 'SDL.h': No such file or directory
  texture_mapper.cpp
D:\Programmering\C++\Old\WOOD\WOOD\texture_mapper.h(3,10): fatal error C1083: Cannot open include file: 'SDL.h': No such file or directory
  user_interface.cpp
D:\Programmering\C++\Old\WOOD\WOOD\user_interface.h(3,10): fatal error C1083: Cannot open include file: 'SDL.h': No such file or directory
  utils.cpp
D:\Programmering\C++\Old\WOOD\WOOD\utils.h(5,10): fatal error C1083: Cannot open include file: 'SDL.h': No such file or directory
  weapon.cpp
D:\Programmering\C++\Old\WOOD\WOOD\weapon.h(3,10): fatal error C1083: Cannot open include file: 'SDL.h': No such file or directory
