d:\programmering\c++\wood\wood\x64\release\vc143.pdb
d:\programmering\c++\wood\wood\x64\release\weapon.obj
d:\programmering\c++\wood\wood\x64\release\utils.obj
d:\programmering\c++\wood\wood\x64\release\user_interface.obj
d:\programmering\c++\wood\wood\x64\release\texture_mapper.obj
d:\programmering\c++\wood\wood\x64\release\main.obj
d:\programmering\c++\wood\wood\x64\release\sdl_event_handler.obj
d:\programmering\c++\wood\wood\x64\release\renderer.obj
d:\programmering\c++\wood\wood\x64\release\map.obj
d:\programmering\c++\wood\wood\x64\release\game.obj
d:\programmering\c++\wood\wood\x64\release\controls.obj
d:\programmering\c++\wood\wood\x64\release\enemy.obj
d:\programmering\c++\wood\x64\release\wood.exe
d:\programmering\c++\wood\wood\x64\release\wood.ipdb
d:\programmering\c++\wood\x64\release\wood.pdb
d:\programmering\c++\wood\wood\x64\release\wood.iobj
d:\programmering\c++\wood\wood\x64\release\wood.tlog\cl.command.1.tlog
d:\programmering\c++\wood\wood\x64\release\wood.tlog\cl.read.1.tlog
d:\programmering\c++\wood\wood\x64\release\wood.tlog\cl.write.1.tlog
d:\programmering\c++\wood\wood\x64\release\wood.tlog\link.command.1.tlog
d:\programmering\c++\wood\wood\x64\release\wood.tlog\link.read.1.tlog
d:\programmering\c++\wood\wood\x64\release\wood.tlog\link.write.1.tlog
